<?xml version="1.0" encoding="UTF-8"?>
<testng-results ignored="0" total="1" passed="1" failed="0" skipped="0">
  <reporter-output>
  </reporter-output>
  <suite started-at="2024-05-06T12:26:10 BRT" name="Default suite" finished-at="2024-05-06T12:26:40 BRT" duration-ms="29826">
    <groups>
    </groups>
    <test started-at="2024-05-06T12:26:10 BRT" name="Default test" finished-at="2024-05-06T12:26:40 BRT" duration-ms="29826">
      <class name="com.qa.blogdoagi.tests.BlogDoAgiTest">
        <test-method is-config="true" signature="setUp()[pri:0, instance:com.qa.blogdoagi.tests.BlogDoAgiTest@75390459]" started-at="2024-05-06T12:26:10 BRT" name="setUp" finished-at="2024-05-06T12:26:37 BRT" duration-ms="27351" status="PASS">
          <reporter-output>
          </reporter-output>
        </test-method> <!-- setUp -->
        <test-method signature="validarSubMenu()[pri:2, instance:com.qa.blogdoagi.tests.BlogDoAgiTest@75390459]" started-at="2024-05-06T12:26:37 BRT" name="validarSubMenu" finished-at="2024-05-06T12:26:39 BRT" duration-ms="2227" status="PASS">
          <reporter-output>
          </reporter-output>
        </test-method> <!-- validarSubMenu -->
        <test-method is-config="true" signature="tearDown()[pri:0, instance:com.qa.blogdoagi.tests.BlogDoAgiTest@75390459]" started-at="2024-05-06T12:26:39 BRT" name="tearDown" finished-at="2024-05-06T12:26:40 BRT" duration-ms="192" status="PASS">
          <reporter-output>
          </reporter-output>
        </test-method> <!-- tearDown -->
      </class> <!-- com.qa.blogdoagi.tests.BlogDoAgiTest -->
    </test> <!-- Default test -->
  </suite> <!-- Default suite -->
</testng-results>
