<?xml version="1.0" encoding="UTF-8"?>
<testng-results ignored="0" total="5" passed="5" failed="0" skipped="0">
  <reporter-output>
  </reporter-output>
  <suite started-at="2024-05-06T08:03:10 BRT" name="Surefire suite" finished-at="2024-05-06T08:03:54 BRT" duration-ms="43565">
    <groups>
    </groups>
    <test started-at="2024-05-06T08:03:10 BRT" name="Surefire test" finished-at="2024-05-06T08:03:54 BRT" duration-ms="43565">
      <class name="com.qa.blogdoagi.tests.BlogDoAgiTest">
        <test-method is-config="true" signature="setUp()[pri:0, instance:com.qa.blogdoagi.tests.BlogDoAgiTest@35d08e6c]" started-at="2024-05-06T08:03:10 BRT" name="setUp" finished-at="2024-05-06T08:03:22 BRT" duration-ms="11813" status="PASS">
          <reporter-output>
          </reporter-output>
        </test-method> <!-- setUp -->
        <test-method signature="validarPesquisa()[pri:1, instance:com.qa.blogdoagi.tests.BlogDoAgiTest@35d08e6c]" started-at="2024-05-06T08:03:22 BRT" name="validarPesquisa" finished-at="2024-05-06T08:03:30 BRT" duration-ms="7677" status="PASS">
          <reporter-output>
          </reporter-output>
        </test-method> <!-- validarPesquisa -->
        <test-method is-config="true" signature="tearDown()[pri:0, instance:com.qa.blogdoagi.tests.BlogDoAgiTest@35d08e6c]" started-at="2024-05-06T08:03:30 BRT" name="tearDown" finished-at="2024-05-06T08:03:30 BRT" duration-ms="136" status="PASS">
          <reporter-output>
          </reporter-output>
        </test-method> <!-- tearDown -->
        <test-method is-config="true" signature="setUp()[pri:0, instance:com.qa.blogdoagi.tests.BlogDoAgiTest@35d08e6c]" started-at="2024-05-06T08:03:30 BRT" name="setUp" finished-at="2024-05-06T08:03:32 BRT" duration-ms="1833" status="PASS">
          <reporter-output>
          </reporter-output>
        </test-method> <!-- setUp -->
        <test-method signature="validarSubMenu()[pri:2, instance:com.qa.blogdoagi.tests.BlogDoAgiTest@35d08e6c]" started-at="2024-05-06T08:03:32 BRT" name="validarSubMenu" finished-at="2024-05-06T08:03:33 BRT" duration-ms="1692" status="PASS">
          <reporter-output>
          </reporter-output>
        </test-method> <!-- validarSubMenu -->
        <test-method is-config="true" signature="tearDown()[pri:0, instance:com.qa.blogdoagi.tests.BlogDoAgiTest@35d08e6c]" started-at="2024-05-06T08:03:33 BRT" name="tearDown" finished-at="2024-05-06T08:03:34 BRT" duration-ms="117" status="PASS">
          <reporter-output>
          </reporter-output>
        </test-method> <!-- tearDown -->
        <test-method is-config="true" signature="setUp()[pri:0, instance:com.qa.blogdoagi.tests.BlogDoAgiTest@35d08e6c]" started-at="2024-05-06T08:03:34 BRT" name="setUp" finished-at="2024-05-06T08:03:35 BRT" duration-ms="1705" status="PASS">
          <reporter-output>
          </reporter-output>
        </test-method> <!-- setUp -->
        <test-method signature="validarInscricaoEmail()[pri:3, instance:com.qa.blogdoagi.tests.BlogDoAgiTest@35d08e6c]" started-at="2024-05-06T08:03:35 BRT" name="validarInscricaoEmail" finished-at="2024-05-06T08:03:41 BRT" duration-ms="5992" status="PASS">
          <reporter-output>
          </reporter-output>
        </test-method> <!-- validarInscricaoEmail -->
        <test-method is-config="true" signature="tearDown()[pri:0, instance:com.qa.blogdoagi.tests.BlogDoAgiTest@35d08e6c]" started-at="2024-05-06T08:03:41 BRT" name="tearDown" finished-at="2024-05-06T08:03:41 BRT" duration-ms="109" status="PASS">
          <reporter-output>
          </reporter-output>
        </test-method> <!-- tearDown -->
        <test-method is-config="true" signature="setUp()[pri:0, instance:com.qa.blogdoagi.tests.BlogDoAgiTest@35d08e6c]" started-at="2024-05-06T08:03:41 BRT" name="setUp" finished-at="2024-05-06T08:03:43 BRT" duration-ms="1533" status="PASS">
          <reporter-output>
          </reporter-output>
        </test-method> <!-- setUp -->
        <test-method signature="validarPaginacao()[pri:4, instance:com.qa.blogdoagi.tests.BlogDoAgiTest@35d08e6c]" started-at="2024-05-06T08:03:43 BRT" name="validarPaginacao" finished-at="2024-05-06T08:03:49 BRT" duration-ms="6267" status="PASS">
          <reporter-output>
          </reporter-output>
        </test-method> <!-- validarPaginacao -->
        <test-method is-config="true" signature="tearDown()[pri:0, instance:com.qa.blogdoagi.tests.BlogDoAgiTest@35d08e6c]" started-at="2024-05-06T08:03:49 BRT" name="tearDown" finished-at="2024-05-06T08:03:49 BRT" duration-ms="250" status="PASS">
          <reporter-output>
          </reporter-output>
        </test-method> <!-- tearDown -->
        <test-method is-config="true" signature="setUp()[pri:0, instance:com.qa.blogdoagi.tests.BlogDoAgiTest@35d08e6c]" started-at="2024-05-06T08:03:49 BRT" name="setUp" finished-at="2024-05-06T08:03:51 BRT" duration-ms="1909" status="PASS">
          <reporter-output>
          </reporter-output>
        </test-method> <!-- setUp -->
        <test-method signature="validarLinkDownloadAPP()[pri:5, instance:com.qa.blogdoagi.tests.BlogDoAgiTest@35d08e6c]" started-at="2024-05-06T08:03:51 BRT" name="validarLinkDownloadAPP" finished-at="2024-05-06T08:03:54 BRT" duration-ms="2385" status="PASS">
          <reporter-output>
          </reporter-output>
        </test-method> <!-- validarLinkDownloadAPP -->
        <test-method is-config="true" signature="tearDown()[pri:0, instance:com.qa.blogdoagi.tests.BlogDoAgiTest@35d08e6c]" started-at="2024-05-06T08:03:54 BRT" name="tearDown" finished-at="2024-05-06T08:03:54 BRT" duration-ms="100" status="PASS">
          <reporter-output>
          </reporter-output>
        </test-method> <!-- tearDown -->
      </class> <!-- com.qa.blogdoagi.tests.BlogDoAgiTest -->
    </test> <!-- Surefire test -->
  </suite> <!-- Surefire suite -->
</testng-results>
