<?xml version="1.0" encoding="UTF-8"?>
<testsuite xmlns:xsi="http://www.w3.org/2001/XMLSchema-instance" xsi:noNamespaceSchemaLocation="https://maven.apache.org/surefire/maven-surefire-plugin/xsd/surefire-test-report-3.0.xsd" version="3.0" name="TestSuite" time="65.555" tests="5" errors="0" skipped="0" failures="0">
  <properties>
[...]
</properties>
  <testcase name="validarPesquisa" classname="com.qa.blogdoagi.tests.BlogDoAgiTest" time="0.968"/>
  <testcase name="validarSubMenu" classname="com.qa.blogdoagi.tests.BlogDoAgiTest" time="1.654"/>
  <testcase name="validarInscricaoEmail" classname="com.qa.blogdoagi.tests.BlogDoAgiTest" time="5.932"/>
  <testcase name="validarPaginacao" classname="com.qa.blogdoagi.tests.BlogDoAgiTest" time="6.253"/>
  <testcase name="validarLinkDownloadAPP" classname="com.qa.blogdoagi.tests.BlogDoAgiTest" time="1.805"/>
</testsuite>