<?xml version="1.0" encoding="UTF-8"?>
<!-- Generated by org.testng.reporters.JUnitXMLReporter -->
<testsuite ignored="0" hostname="BOOK-PH2BQABLKF" failures="0" tests="5" name="Surefire test" time="43.565" errors="0" timestamp="2024-05-06T08:03:54 BRT">
  <testcase classname="com.qa.blogdoagi.tests.BlogDoAgiTest" name="validarPesquisa" time="7.677"/>
  <testcase classname="com.qa.blogdoagi.tests.BlogDoAgiTest" name="validarSubMenu" time="1.692"/>
  <testcase classname="com.qa.blogdoagi.tests.BlogDoAgiTest" name="validarInscricaoEmail" time="5.992"/>
  <testcase classname="com.qa.blogdoagi.tests.BlogDoAgiTest" name="validarPaginacao" time="6.267"/>
  <testcase classname="com.qa.blogdoagi.tests.BlogDoAgiTest" name="validarLinkDownloadAPP" time="2.385"/>
</testsuite> <!-- Surefire test -->
