<?xml version="1.0" encoding="UTF-8"?>
<!-- Generated by org.testng.reporters.JUnitXMLReporter -->
<testsuite ignored="0" hostname="BOOK-PH2BQABLKF" failures="0" tests="5" name="Surefire test" time="64.649" errors="0" timestamp="2024-05-06T10:05:09 BRT">
  <testcase classname="com.qa.blogdoagi.tests.BlogDoAgiTest" name="validarPesquisa" time="0.976"/>
  <testcase classname="com.qa.blogdoagi.tests.BlogDoAgiTest" name="validarSubMenu" time="1.653"/>
  <testcase classname="com.qa.blogdoagi.tests.BlogDoAgiTest" name="validarInscricaoEmail" time="5.933"/>
  <testcase classname="com.qa.blogdoagi.tests.BlogDoAgiTest" name="validarPaginacao" time="6.253"/>
  <testcase classname="com.qa.blogdoagi.tests.BlogDoAgiTest" name="validarLinkDownloadAPP" time="1.803"/>
</testsuite> <!-- Surefire test -->
