<?xml version="1.0" encoding="UTF-8"?>
<!-- Generated by org.testng.reporters.JUnitXMLReporter -->
<testsuite ignored="4" hostname="BOOK-PH2BQABLKF" failures="0" tests="1" name="Default test" time="21.665" errors="0" timestamp="2024-05-06T14:53:33 BRT">
  <testcase classname="com.qa.blogdoagi.tests.BlogDoAgiTest" name="validarSubMenu" time="2.365"/>
  <testcase classname="com.qa.blogdoagi.tests.BlogDoAgiTest" name="validarPesquisa" time="0.0">
    <ignored/>
  </testcase> <!-- validarPesquisa -->
  <testcase classname="com.qa.blogdoagi.tests.BlogDoAgiTest" name="validarLinkDownloadAPP" time="0.0">
    <ignored/>
  </testcase> <!-- validarLinkDownloadAPP -->
  <testcase classname="com.qa.blogdoagi.tests.BlogDoAgiTest" name="validarPaginacao" time="0.0">
    <ignored/>
  </testcase> <!-- validarPaginacao -->
  <testcase classname="com.qa.blogdoagi.tests.BlogDoAgiTest" name="validarInscricaoEmail" time="0.0">
    <ignored/>
  </testcase> <!-- validarInscricaoEmail -->
</testsuite> <!-- Default test -->
